PERFM.EsentTS_Batch:32
PERFM.EsentTS_Batch:44
PERFM.EsentTS_Batch:8
PERFM.EsentTS_Batch:3
PERFM.EsentTS_Batch:3
PERFM.EsentTS_Batch:1
PERFM.EsentTS_Batch:8
PERFM.EsentTS_Batch:0
PERFM.EsentTS_Batch:12
PERFM.EsentTS_Batch:14
PERFM.EsentTS_Batch:0
PERFM.EsentTS_Batch:0
PERFM.EsentTS_Batch:0
PERFM.EsentTS_Batch:26
PERFM.EsentTS_Batch:0
PERFM.EsentTS_Batch:0
PERFM.EsentTS_Batch:0
PERFM.EsentTS_Batch:5
PERFM.EsentTS_Batch:18
PERFM.EsentTS_Batch:0
PERFM.EsentTS_Batch:8
PERFM.EsentTS_Batch:0
PERFM.EsentTS_Batch:18
PERFM.EsentTS_Batch:5
PERFM.EsentTS_Batch:0
PERFM.EsentTS_Batch:0
PERFM.EsentTS_Batch:0
PERFM.EsentTS_Batch:0
PERFM.DS_C:\devgit\ravendb\build\Data\System\Data_AddDocumentT:92993
PERFM.EsentTS_Batch:87
PERFM.EsentTS_Batch:0
PERFM.EsentTS_Batch:0
PERFM.EsentTS_Batch:0
PERFM.EsentTS_Batch:0
PERFM.EsentTS_Batch:3
PERFM.DS_C:\devgit\ravendb\build\Data\System\Data_GetDocByKeyT:1374
PERFM.EsentTS_Batch:0
PERFM.EsentTS_Batch:46
PERFM.EsentTS_Batch:4
PERFM.EsentTS_Batch:5
PERFM.EsentTS_Batch:0
PERFM.EsentTS_Batch:28
PERFM.Index_Map.Raven/DocumentsByEntityName.InputCount:1
PERFM.Index_Map.Raven/DocumentsByEntityName.Duration:165
PERFM.EsentTS_Batch:195
PERFM.EsentTS_Batch:5
PERFM.EsentTS_Batch:0
PERFM.EsentTS_Batch:0
PERFM.EsentTS_Batch:0
PERFM.EsentTS_Batch:0
PERFM.EsentTS_Batch:0
PERFM.EsentTS_Batch:0
PERFM.EsentTS_Batch:0
PERFM.EsentTS_Batch:0
PERFM.EsentTS_Batch:0
PERFM.EsentTS_Batch:12
PERFM.EsentTS_Batch:0
PERFM.EsentTS_Batch:0
PERFM.EsentTS_Batch:2
PERFM.EsentTS_Batch:0
PERFM.EsentTS_Batch:0
PERFM.EsentTS_Batch:0
PERFM.EsentTS_Batch:0
PERFM.EsentTS_Batch:1
PERFM.EsentTS_Batch:0
PERFM.EsentTS_Batch:0
PERFM.EsentTS_Batch:0
PERFM.EsentTS_Batch:0
PERFM.EsentTS_Batch:0
PERFM.EsentTS_Batch:0
PERFM.EsentTS_Batch:0
PERFM.EsentTS_Batch:0
PERFM.EsentTS_Batch:0
PERFM.EsentTS_Batch:0
PERFM.DS_C:\devgit\ravendb\build\Data\System\Data_GetDocByKeyT:937
PERFM.EsentTS_Batch:1
PERFM.EsentTS_Batch:0
PERFM.EsentTS_Batch:2
PERFM.EsentTS_Batch:0
PERFM.EsentTS_Batch:0
PERFM.EsentTS_Batch:9
PERFM.EsentTS_Batch:0
PERFM.EsentTS_Batch:0
PERFM.EsentTS_Batch:0
PERFM.EsentTS_Batch:0
PERFM.EsentTS_Batch:0
PERFM.EsentTS_Batch:11
PERFM.EsentTS_Batch:0
PERFM.EsentTS_Batch:0
PERFM.EsentTS_Batch:0
PERFM.EsentTS_Batch:0
PERFM.EsentTS_Batch:0
PERFM.EsentTS_Batch:5
PERFM.EsentTS_Batch:0
PERFM.EsentTS_Batch:4
PERFM.EsentTS_Batch:13
PERFM.EsentTS_Batch:0
PERFM.EsentTS_Batch:0
PERFM.EsentTS_Batch:0
PERFM.EsentTS_Batch:0
PERFM.EsentTS_Batch:0
PERFM.EsentTS_Batch:0
PERFM.EsentTS_Batch:0
PERFM.EsentTS_Batch:0
PERFM.EsentTS_Batch:0
PERFM.EsentTS_Batch:4
PERFM.EsentTS_Batch:4
PERFM.EsentTS_Batch:0
PERFM.EsentTS_Batch:0
PERFM.EsentTS_Batch:0
PERFM.EsentTS_Batch:0
PERFM.EsentTS_Batch:0
PERFM.EsentTS_Batch:0
PERFM.EsentTS_Batch:0
PERFM.EsentTS_Batch:0
PERFM.EsentTS_Batch:0
PERFM.EsentTS_Batch:0
PERFM.EsentTS_Batch:0
PERFM.EsentTS_Batch:0
PERFM.EsentTS_Batch:0
PERFM.EsentTS_Batch:0
PERFM.EsentTS_Batch:3
PERFM.EsentTS_Batch:0
PERFM.EsentTS_Batch:0
PERFM.EsentTS_Batch:0
PERFM.EsentTS_Batch:0
PERFM.EsentTS_Batch:7
PERFM.EsentTS_Batch:0
PERFM.EsentTS_Batch:0
PERFM.EsentTS_Batch:0
PERFM.EsentTS_Batch:5
PERFM.EsentTS_Batch:0
PERFM.EsentTS_Batch:0
PERFM.EsentTS_Batch:0
PERFM.EsentTS_Batch:0
PERFM.EsentTS_Batch:0
PERFM.EsentTS_Batch:0
PERFM.EsentTS_Batch:0
PERFM.EsentTS_Batch:0
PERFM.DS_C:\devgit\ravendb\build\Data\Databases\Test6\Data_AddDocumentT:1454
PERFM.DS_C:\devgit\ravendb\build\Data\Databases\Test6\Data_AddDocumentT:240
PERFM.DS_C:\devgit\ravendb\build\Data\Databases\Test6\Data_AddDocumentT:209
PERFM.DS_C:\devgit\ravendb\build\Data\Databases\Test6\Data_AddDocumentT:301
PERFM.DS_C:\devgit\ravendb\build\Data\Databases\Test6\Data_AddDocumentT:219
PERFM.DS_C:\devgit\ravendb\build\Data\Databases\Test6\Data_AddDocumentT:197
PERFM.DS_C:\devgit\ravendb\build\Data\Databases\Test6\Data_AddDocumentT:1175
PERFM.DS_C:\devgit\ravendb\build\Data\Databases\Test6\Data_AddDocumentT:232
PERFM.DS_C:\devgit\ravendb\build\Data\Databases\Test6\Data_AddDocumentT:214
PERFM.DS_C:\devgit\ravendb\build\Data\Databases\Test6\Data_AddDocumentT:215
PERFM.DS_C:\devgit\ravendb\build\Data\Databases\Test6\Data_AddDocumentT:2046
PERFM.DS_C:\devgit\ravendb\build\Data\Databases\Test6\Data_AddDocumentT:244
PERFM.DS_C:\devgit\ravendb\build\Data\Databases\Test6\Data_AddDocumentT:795
PERFM.DS_C:\devgit\ravendb\build\Data\Databases\Test6\Data_AddDocumentT:251
PERFM.DS_C:\devgit\ravendb\build\Data\Databases\Test6\Data_AddDocumentT:246
PERFM.DS_C:\devgit\ravendb\build\Data\Databases\Test6\Data_AddDocumentT:257
PERFM.DS_C:\devgit\ravendb\build\Data\Databases\Test6\Data_AddDocumentT:239
PERFM.DS_C:\devgit\ravendb\build\Data\Databases\Test6\Data_AddDocumentT:241
PERFM.DS_C:\devgit\ravendb\build\Data\Databases\Test6\Data_AddDocumentT:233
PERFM.DS_C:\devgit\ravendb\build\Data\Databases\Test6\Data_AddDocumentT:232
PERFM.DS_C:\devgit\ravendb\build\Data\Databases\Test6\Data_AddDocumentT:394
PERFM.DS_C:\devgit\ravendb\build\Data\Databases\Test6\Data_AddDocumentT:242
PERFM.DS_C:\devgit\ravendb\build\Data\Databases\Test6\Data_AddDocumentT:231
PERFM.DS_C:\devgit\ravendb\build\Data\Databases\Test6\Data_AddDocumentT:241
PERFM.DS_C:\devgit\ravendb\build\Data\Databases\Test6\Data_AddDocumentT:234
PERFM.DS_C:\devgit\ravendb\build\Data\Databases\Test6\Data_AddDocumentT:242
PERFM.DS_C:\devgit\ravendb\build\Data\Databases\Test6\Data_AddDocumentT:244
PERFM.DS_C:\devgit\ravendb\build\Data\Databases\Test6\Data_AddDocumentT:230
PERFM.DS_C:\devgit\ravendb\build\Data\Databases\Test6\Data_AddDocumentT:230
PERFM.DS_C:\devgit\ravendb\build\Data\Databases\Test6\Data_AddDocumentT:290
PERFM.DS_C:\devgit\ravendb\build\Data\Databases\Test6\Data_AddDocumentT:230
PERFM.DS_C:\devgit\ravendb\build\Data\Databases\Test6\Data_AddDocumentT:226
PERFM.DS_C:\devgit\ravendb\build\Data\Databases\Test6\Data_AddDocumentT:239
PERFM.DS_C:\devgit\ravendb\build\Data\Databases\Test6\Data_AddDocumentT:228
PERFM.DS_C:\devgit\ravendb\build\Data\Databases\Test6\Data_AddDocumentT:229
PERFM.DS_C:\devgit\ravendb\build\Data\Databases\Test6\Data_AddDocumentT:231
PERFM.DS_C:\devgit\ravendb\build\Data\Databases\Test6\Data_AddDocumentT:231
PERFM.DS_C:\devgit\ravendb\build\Data\Databases\Test6\Data_AddDocumentT:268
PERFM.DS_C:\devgit\ravendb\build\Data\Databases\Test6\Data_AddDocumentT:316
PERFM.DS_C:\devgit\ravendb\build\Data\Databases\Test6\Data_AddDocumentT:232
PERFM.DS_C:\devgit\ravendb\build\Data\Databases\Test6\Data_AddDocumentT:231
PERFM.DS_C:\devgit\ravendb\build\Data\Databases\Test6\Data_AddDocumentT:236
PERFM.DS_C:\devgit\ravendb\build\Data\Databases\Test6\Data_AddDocumentT:267
PERFM.DS_C:\devgit\ravendb\build\Data\Databases\Test6\Data_AddDocumentT:227
PERFM.DS_C:\devgit\ravendb\build\Data\Databases\Test6\Data_AddDocumentT:240
PERFM.DS_C:\devgit\ravendb\build\Data\Databases\Test6\Data_AddDocumentT:230
PERFM.DS_C:\devgit\ravendb\build\Data\Databases\Test6\Data_AddDocumentT:233
PERFM.DS_C:\devgit\ravendb\build\Data\Databases\Test6\Data_AddDocumentT:321
PERFM.DS_C:\devgit\ravendb\build\Data\Databases\Test6\Data_AddDocumentT:238
PERFM.DS_C:\devgit\ravendb\build\Data\Databases\Test6\Data_AddDocumentT:236
PERFM.DS_C:\devgit\ravendb\build\Data\Databases\Test6\Data_AddDocumentT:229
PERFM.DS_C:\devgit\ravendb\build\Data\Databases\Test6\Data_AddDocumentT:224
PERFM.DS_C:\devgit\ravendb\build\Data\Databases\Test6\Data_AddDocumentT:228
PERFM.DS_C:\devgit\ravendb\build\Data\Databases\Test6\Data_AddDocumentT:224
PERFM.DS_C:\devgit\ravendb\build\Data\Databases\Test6\Data_AddDocumentT:253
PERFM.DS_C:\devgit\ravendb\build\Data\Databases\Test6\Data_AddDocumentT:246
PERFM.DS_C:\devgit\ravendb\build\Data\Databases\Test6\Data_AddDocumentT:293
PERFM.DS_C:\devgit\ravendb\build\Data\Databases\Test6\Data_AddDocumentT:238
PERFM.DS_C:\devgit\ravendb\build\Data\Databases\Test6\Data_AddDocumentT:267
PERFM.DS_C:\devgit\ravendb\build\Data\Databases\Test6\Data_AddDocumentT:229
PERFM.DS_C:\devgit\ravendb\build\Data\Databases\Test6\Data_AddDocumentT:238
PERFM.DS_C:\devgit\ravendb\build\Data\Databases\Test6\Data_AddDocumentT:240
PERFM.DS_C:\devgit\ravendb\build\Data\Databases\Test6\Data_AddDocumentT:227
PERFM.DS_C:\devgit\ravendb\build\Data\Databases\Test6\Data_AddDocumentT:230
PERFM.DS_C:\devgit\ravendb\build\Data\Databases\Test6\Data_AddDocumentT:227
PERFM.DS_C:\devgit\ravendb\build\Data\Databases\Test6\Data_AddDocumentT:290
PERFM.DS_C:\devgit\ravendb\build\Data\Databases\Test6\Data_AddDocumentT:244
PERFM.DS_C:\devgit\ravendb\build\Data\Databases\Test6\Data_AddDocumentT:233
PERFM.DS_C:\devgit\ravendb\build\Data\Databases\Test6\Data_AddDocumentT:229
PERFM.DS_C:\devgit\ravendb\build\Data\Databases\Test6\Data_AddDocumentT:273
PERFM.DS_C:\devgit\ravendb\build\Data\Databases\Test6\Data_AddDocumentT:234
PERFM.DS_C:\devgit\ravendb\build\Data\Databases\Test6\Data_AddDocumentT:243
PERFM.DS_C:\devgit\ravendb\build\Data\Databases\Test6\Data_AddDocumentT:247
PERFM.DS_C:\devgit\ravendb\build\Data\Databases\Test6\Data_AddDocumentT:299
PERFM.DS_C:\devgit\ravendb\build\Data\Databases\Test6\Data_AddDocumentT:260
PERFM.DS_C:\devgit\ravendb\build\Data\Databases\Test6\Data_AddDocumentT:232
PERFM.DS_C:\devgit\ravendb\build\Data\Databases\Test6\Data_AddDocumentT:229
PERFM.DS_C:\devgit\ravendb\build\Data\Databases\Test6\Data_AddDocumentT:227
PERFM.DS_C:\devgit\ravendb\build\Data\Databases\Test6\Data_AddDocumentT:237
PERFM.DS_C:\devgit\ravendb\build\Data\Databases\Test6\Data_AddDocumentT:231
PERFM.DS_C:\devgit\ravendb\build\Data\Databases\Test6\Data_AddDocumentT:228
PERFM.DS_C:\devgit\ravendb\build\Data\Databases\Test6\Data_AddDocumentT:226
PERFM.DS_C:\devgit\ravendb\build\Data\Databases\Test6\Data_AddDocumentT:288
PERFM.DS_C:\devgit\ravendb\build\Data\Databases\Test6\Data_AddDocumentT:223
PERFM.DS_C:\devgit\ravendb\build\Data\Databases\Test6\Data_AddDocumentT:241
PERFM.DS_C:\devgit\ravendb\build\Data\Databases\Test6\Data_AddDocumentT:223
PERFM.DS_C:\devgit\ravendb\build\Data\Databases\Test6\Data_AddDocumentT:228
PERFM.DS_C:\devgit\ravendb\build\Data\Databases\Test6\Data_AddDocumentT:480
PERFM.DS_C:\devgit\ravendb\build\Data\Databases\Test6\Data_AddDocumentT:244
PERFM.DS_C:\devgit\ravendb\build\Data\Databases\Test6\Data_AddDocumentT:234
PERFM.DS_C:\devgit\ravendb\build\Data\Databases\Test6\Data_AddDocumentT:237
PERFM.DS_C:\devgit\ravendb\build\Data\Databases\Test6\Data_AddDocumentT:291
PERFM.DS_C:\devgit\ravendb\build\Data\Databases\Test6\Data_AddDocumentT:282
PERFM.DS_C:\devgit\ravendb\build\Data\Databases\Test6\Data_AddDocumentT:228
PERFM.DS_C:\devgit\ravendb\build\Data\Databases\Test6\Data_AddDocumentT:229
PERFM.DS_C:\devgit\ravendb\build\Data\Databases\Test6\Data_AddDocumentT:242
PERFM.DS_C:\devgit\ravendb\build\Data\Databases\Test6\Data_AddDocumentT:229
PERFM.DS_C:\devgit\ravendb\build\Data\Databases\Test6\Data_AddDocumentT:229
PERFM.DS_C:\devgit\ravendb\build\Data\Databases\Test6\Data_AddDocumentT:243
PERFM.DS_C:\devgit\ravendb\build\Data\Databases\Test6\Data_AddDocumentT:231
PERFM.DS_C:\devgit\ravendb\build\Data\Databases\Test6\Data_AddDocumentT:286
PERFM.DS_C:\devgit\ravendb\build\Data\Databases\Test6\Data_AddDocumentT:238
PERFM.DS_C:\devgit\ravendb\build\Data\Databases\Test6\Data_AddDocumentT:229
PERFM.DS_C:\devgit\ravendb\build\Data\Databases\Test6\Data_AddDocumentT:227
PERFM.DS_C:\devgit\ravendb\build\Data\Databases\Test6\Data_AddDocumentT:487
PERFM.DS_C:\devgit\ravendb\build\Data\Databases\Test6\Data_AddDocumentT:251
PERFM.DS_C:\devgit\ravendb\build\Data\Databases\Test6\Data_AddDocumentT:240
PERFM.DS_C:\devgit\ravendb\build\Data\Databases\Test6\Data_AddDocumentT:241
PERFM.DS_C:\devgit\ravendb\build\Data\Databases\Test6\Data_AddDocumentT:294
PERFM.DS_C:\devgit\ravendb\build\Data\Databases\Test6\Data_AddDocumentT:230
PERFM.DS_C:\devgit\ravendb\build\Data\Databases\Test6\Data_AddDocumentT:466
PERFM.DS_C:\devgit\ravendb\build\Data\Databases\Test6\Data_AddDocumentT:237
PERFM.DS_C:\devgit\ravendb\build\Data\Databases\Test6\Data_AddDocumentT:247
PERFM.DS_C:\devgit\ravendb\build\Data\Databases\Test6\Data_AddDocumentT:232
PERFM.DS_C:\devgit\ravendb\build\Data\Databases\Test6\Data_AddDocumentT:238
PERFM.DS_C:\devgit\ravendb\build\Data\Databases\Test6\Data_AddDocumentT:232
PERFM.DS_C:\devgit\ravendb\build\Data\Databases\Test6\Data_AddDocumentT:292
PERFM.DS_C:\devgit\ravendb\build\Data\Databases\Test6\Data_AddDocumentT:233
PERFM.DS_C:\devgit\ravendb\build\Data\Databases\Test6\Data_AddDocumentT:245
PERFM.DS_C:\devgit\ravendb\build\Data\Databases\Test6\Data_AddDocumentT:266
PERFM.DS_C:\devgit\ravendb\build\Data\Databases\Test6\Data_AddDocumentT:247
PERFM.DS_C:\devgit\ravendb\build\Data\Databases\Test6\Data_AddDocumentT:242
PERFM.DS_C:\devgit\ravendb\build\Data\Databases\Test6\Data_AddDocumentT:257
PERFM.DS_C:\devgit\ravendb\build\Data\Databases\Test6\Data_AddDocumentT:258
PERFM.DS_C:\devgit\ravendb\build\Data\Databases\Test6\Data_AddDocumentT:301
PERFM.DS_C:\devgit\ravendb\build\Data\Databases\Test6\Data_AddDocumentT:237
PERFM.DS_C:\devgit\ravendb\build\Data\Databases\Test6\Data_AddDocumentT:235
PERFM.DS_C:\devgit\ravendb\build\Data\Databases\Test6\Data_AddDocumentT:235
PERFM.DS_C:\devgit\ravendb\build\Data\Databases\Test6\Data_AddDocumentT:234
PERFM.DS_C:\devgit\ravendb\build\Data\Databases\Test6\Data_AddDocumentT:476
PERFM.DS_C:\devgit\ravendb\build\Data\Databases\Test6\Data_AddDocumentT:239
PERFM.DS_C:\devgit\ravendb\build\Data\Databases\Test6\Data_AddDocumentT:231
PERFM.DS_C:\devgit\ravendb\build\Data\Databases\Test6\Data_AddDocumentT:289
PERFM.DS_C:\devgit\ravendb\build\Data\Databases\Test6\Data_AddDocumentT:242
PERFM.DS_C:\devgit\ravendb\build\Data\Databases\Test6\Data_AddDocumentT:233
PERFM.DS_C:\devgit\ravendb\build\Data\Databases\Test6\Data_AddDocumentT:229
PERFM.DS_C:\devgit\ravendb\build\Data\Databases\Test6\Data_AddDocumentT:237
PERFM.DS_C:\devgit\ravendb\build\Data\Databases\Test6\Data_AddDocumentT:228
PERFM.DS_C:\devgit\ravendb\build\Data\Databases\Test6\Data_AddDocumentT:232
PERFM.DS_C:\devgit\ravendb\build\Data\Databases\Test6\Data_AddDocumentT:281
PERFM.DS_C:\devgit\ravendb\build\Data\Databases\Test6\Data_AddDocumentT:309
PERFM.DS_C:\devgit\ravendb\build\Data\Databases\Test6\Data_AddDocumentT:319
PERFM.DS_C:\devgit\ravendb\build\Data\Databases\Test6\Data_AddDocumentT:239
PERFM.DS_C:\devgit\ravendb\build\Data\Databases\Test6\Data_AddDocumentT:233
PERFM.DS_C:\devgit\ravendb\build\Data\Databases\Test6\Data_AddDocumentT:247
PERFM.DS_C:\devgit\ravendb\build\Data\Databases\Test6\Data_AddDocumentT:237
PERFM.DS_C:\devgit\ravendb\build\Data\Databases\Test6\Data_AddDocumentT:232
PERFM.DS_C:\devgit\ravendb\build\Data\Databases\Test6\Data_AddDocumentT:242
PERFM.DS_C:\devgit\ravendb\build\Data\Databases\Test6\Data_AddDocumentT:292
PERFM.DS_C:\devgit\ravendb\build\Data\Databases\Test6\Data_AddDocumentT:248
PERFM.DS_C:\devgit\ravendb\build\Data\Databases\Test6\Data_AddDocumentT:240
PERFM.DS_C:\devgit\ravendb\build\Data\Databases\Test6\Data_AddDocumentT:234
PERFM.DS_C:\devgit\ravendb\build\Data\Databases\Test6\Data_AddDocumentT:229
PERFM.DS_C:\devgit\ravendb\build\Data\Databases\Test6\Data_AddDocumentT:231
PERFM.DS_C:\devgit\ravendb\build\Data\Databases\Test6\Data_AddDocumentT:236
PERFM.DS_C:\devgit\ravendb\build\Data\Databases\Test6\Data_AddDocumentT:232
PERFM.DS_C:\devgit\ravendb\build\Data\Databases\Test6\Data_AddDocumentT:326
PERFM.DS_C:\devgit\ravendb\build\Data\Databases\Test6\Data_AddDocumentT:240
PERFM.DS_C:\devgit\ravendb\build\Data\Databases\Test6\Data_AddDocumentT:235
PERFM.DS_C:\devgit\ravendb\build\Data\Databases\Test6\Data_AddDocumentT:238
PERFM.DS_C:\devgit\ravendb\build\Data\Databases\Test6\Data_AddDocumentT:241
PERFM.DS_C:\devgit\ravendb\build\Data\Databases\Test6\Data_AddDocumentT:246
PERFM.DS_C:\devgit\ravendb\build\Data\Databases\Test6\Data_AddDocumentT:239
PERFM.DS_C:\devgit\ravendb\build\Data\Databases\Test6\Data_AddDocumentT:233
PERFM.DS_C:\devgit\ravendb\build\Data\Databases\Test6\Data_AddDocumentT:234
PERFM.DS_C:\devgit\ravendb\build\Data\Databases\Test6\Data_AddDocumentT:289
PERFM.DS_C:\devgit\ravendb\build\Data\Databases\Test6\Data_AddDocumentT:241
PERFM.DS_C:\devgit\ravendb\build\Data\Databases\Test6\Data_AddDocumentT:237
PERFM.DS_C:\devgit\ravendb\build\Data\Databases\Test6\Data_AddDocumentT:233
PERFM.DS_C:\devgit\ravendb\build\Data\Databases\Test6\Data_AddDocumentT:229
PERFM.DS_C:\devgit\ravendb\build\Data\Databases\Test6\Data_AddDocumentT:230
PERFM.DS_C:\devgit\ravendb\build\Data\Databases\Test6\Data_AddDocumentT:228
PERFM.DS_C:\devgit\ravendb\build\Data\Databases\Test6\Data_AddDocumentT:237
PERFM.DS_C:\devgit\ravendb\build\Data\Databases\Test6\Data_AddDocumentT:323
PERFM.DS_C:\devgit\ravendb\build\Data\Databases\Test6\Data_AddDocumentT:239
PERFM.DS_C:\devgit\ravendb\build\Data\Databases\Test6\Data_AddDocumentT:232
PERFM.DS_C:\devgit\ravendb\build\Data\Databases\Test6\Data_AddDocumentT:236
PERFM.DS_C:\devgit\ravendb\build\Data\Databases\Test6\Data_AddDocumentT:234
PERFM.DS_C:\devgit\ravendb\build\Data\Databases\Test6\Data_AddDocumentT:236
PERFM.DS_C:\devgit\ravendb\build\Data\Databases\Test6\Data_AddDocumentT:248
PERFM.DS_C:\devgit\ravendb\build\Data\Databases\Test6\Data_AddDocumentT:654
PERFM.DS_C:\devgit\ravendb\build\Data\Databases\Test6\Data_AddDocumentT:237
PERFM.DS_C:\devgit\ravendb\build\Data\Databases\Test6\Data_AddDocumentT:368
PERFM.DS_C:\devgit\ravendb\build\Data\Databases\Test6\Data_AddDocumentT:249
PERFM.DS_C:\devgit\ravendb\build\Data\Databases\Test6\Data_AddDocumentT:265
PERFM.DS_C:\devgit\ravendb\build\Data\Databases\Test6\Data_AddDocumentT:236
PERFM.DS_C:\devgit\ravendb\build\Data\Databases\Test6\Data_AddDocumentT:241
PERFM.DS_C:\devgit\ravendb\build\Data\Databases\Test6\Data_AddDocumentT:236
PERFM.DS_C:\devgit\ravendb\build\Data\Databases\Test6\Data_AddDocumentT:238
PERFM.DS_C:\devgit\ravendb\build\Data\Databases\Test6\Data_AddDocumentT:235
PERFM.DS_C:\devgit\ravendb\build\Data\Databases\Test6\Data_AddDocumentT:266
PERFM.DS_C:\devgit\ravendb\build\Data\Databases\Test6\Data_AddDocumentT:341
PERFM.DS_C:\devgit\ravendb\build\Data\Databases\Test6\Data_AddDocumentT:242
PERFM.DS_C:\devgit\ravendb\build\Data\Databases\Test6\Data_AddDocumentT:241
PERFM.DS_C:\devgit\ravendb\build\Data\Databases\Test6\Data_AddDocumentT:552
PERFM.DS_C:\devgit\ravendb\build\Data\Databases\Test6\Data_AddDocumentT:239
PERFM.DS_C:\devgit\ravendb\build\Data\Databases\Test6\Data_AddDocumentT:234
PERFM.DS_C:\devgit\ravendb\build\Data\Databases\Test6\Data_AddDocumentT:252
PERFM.DS_C:\devgit\ravendb\build\Data\Databases\Test6\Data_AddDocumentT:234
PERFM.DS_C:\devgit\ravendb\build\Data\Databases\Test6\Data_AddDocumentT:237
PERFM.DS_C:\devgit\ravendb\build\Data\Databases\Test6\Data_AddDocumentT:309
PERFM.DS_C:\devgit\ravendb\build\Data\Databases\Test6\Data_AddDocumentT:242
PERFM.DS_C:\devgit\ravendb\build\Data\Databases\Test6\Data_AddDocumentT:237
PERFM.DS_C:\devgit\ravendb\build\Data\Databases\Test6\Data_AddDocumentT:241
PERFM.DS_C:\devgit\ravendb\build\Data\Databases\Test6\Data_AddDocumentT:239
PERFM.DS_C:\devgit\ravendb\build\Data\Databases\Test6\Data_AddDocumentT:233
PERFM.DS_C:\devgit\ravendb\build\Data\Databases\Test6\Data_AddDocumentT:243
PERFM.DS_C:\devgit\ravendb\build\Data\Databases\Test6\Data_AddDocumentT:228
PERFM.DS_C:\devgit\ravendb\build\Data\Databases\Test6\Data_AddDocumentT:301
PERFM.DS_C:\devgit\ravendb\build\Data\Databases\Test6\Data_AddDocumentT:232
PERFM.DS_C:\devgit\ravendb\build\Data\Databases\Test6\Data_AddDocumentT:258
PERFM.DS_C:\devgit\ravendb\build\Data\Databases\Test6\Data_AddDocumentT:251
PERFM.DS_C:\devgit\ravendb\build\Data\Databases\Test6\Data_AddDocumentT:237
PERFM.DS_C:\devgit\ravendb\build\Data\Databases\Test6\Data_AddDocumentT:238
PERFM.DS_C:\devgit\ravendb\build\Data\Databases\Test6\Data_AddDocumentT:237
PERFM.DS_C:\devgit\ravendb\build\Data\Databases\Test6\Data_AddDocumentT:248
PERFM.DS_C:\devgit\ravendb\build\Data\Databases\Test6\Data_AddDocumentT:303
PERFM.DS_C:\devgit\ravendb\build\Data\Databases\Test6\Data_AddDocumentT:243
PERFM.DS_C:\devgit\ravendb\build\Data\Databases\Test6\Data_AddDocumentT:236
PERFM.DS_C:\devgit\ravendb\build\Data\Databases\Test6\Data_AddDocumentT:230
PERFM.DS_C:\devgit\ravendb\build\Data\Databases\Test6\Data_AddDocumentT:234
PERFM.DS_C:\devgit\ravendb\build\Data\Databases\Test6\Data_AddDocumentT:231
PERFM.DS_C:\devgit\ravendb\build\Data\Databases\Test6\Data_AddDocumentT:242
PERFM.DS_C:\devgit\ravendb\build\Data\Databases\Test6\Data_AddDocumentT:240
PERFM.DS_C:\devgit\ravendb\build\Data\Databases\Test6\Data_AddDocumentT:293
PERFM.DS_C:\devgit\ravendb\build\Data\Databases\Test6\Data_AddDocumentT:233
PERFM.DS_C:\devgit\ravendb\build\Data\Databases\Test6\Data_AddDocumentT:244
PERFM.DS_C:\devgit\ravendb\build\Data\Databases\Test6\Data_AddDocumentT:249
PERFM.DS_C:\devgit\ravendb\build\Data\Databases\Test6\Data_AddDocumentT:253
PERFM.DS_C:\devgit\ravendb\build\Data\Databases\Test6\Data_AddDocumentT:236
PERFM.DS_C:\devgit\ravendb\build\Data\Databases\Test6\Data_AddDocumentT:232
PERFM.DS_C:\devgit\ravendb\build\Data\Databases\Test6\Data_AddDocumentT:235
PERFM.DS_C:\devgit\ravendb\build\Data\Databases\Test6\Data_AddDocumentT:236
PERFM.DS_C:\devgit\ravendb\build\Data\Databases\Test6\Data_AddDocumentT:301
PERFM.DS_C:\devgit\ravendb\build\Data\Databases\Test6\Data_AddDocumentT:241
PERFM.DS_C:\devgit\ravendb\build\Data\Databases\Test6\Data_AddDocumentT:235
PERFM.DS_C:\devgit\ravendb\build\Data\Databases\Test6\Data_AddDocumentT:241
PERFM.DS_C:\devgit\ravendb\build\Data\Databases\Test6\Data_AddDocumentT:238
PERFM.DS_C:\devgit\ravendb\build\Data\Databases\Test6\Data_AddDocumentT:228
PERFM.DS_C:\devgit\ravendb\build\Data\Databases\Test6\Data_AddDocumentT:243
PERFM.DS_C:\devgit\ravendb\build\Data\Databases\Test6\Data_AddDocumentT:505
PERFM.DS_C:\devgit\ravendb\build\Data\Databases\Test6\Data_AddDocumentT:328
PERFM.DS_C:\devgit\ravendb\build\Data\Databases\Test6\Data_AddDocumentT:239
PERFM.DS_C:\devgit\ravendb\build\Data\Databases\Test6\Data_AddDocumentT:235
PERFM.DS_C:\devgit\ravendb\build\Data\Databases\Test6\Data_AddDocumentT:2191
PERFM.DS_C:\devgit\ravendb\build\Data\Databases\Test6\Data_AddDocumentT:259
PERFM.DS_C:\devgit\ravendb\build\Data\Databases\Test6\Data_AddDocumentT:241
PERFM.DS_C:\devgit\ravendb\build\Data\Databases\Test6\Data_AddDocumentT:243
PERFM.DS_C:\devgit\ravendb\build\Data\Databases\Test6\Data_AddDocumentT:239
PERFM.DS_C:\devgit\ravendb\build\Data\Databases\Test6\Data_AddDocumentT:301
PERFM.DS_C:\devgit\ravendb\build\Data\Databases\Test6\Data_AddDocumentT:255
PERFM.DS_C:\devgit\ravendb\build\Data\Databases\Test6\Data_AddDocumentT:236
PERFM.DS_C:\devgit\ravendb\build\Data\Databases\Test6\Data_AddDocumentT:238
PERFM.DS_C:\devgit\ravendb\build\Data\Databases\Test6\Data_AddDocumentT:241
PERFM.DS_C:\devgit\ravendb\build\Data\Databases\Test6\Data_AddDocumentT:243
PERFM.DS_C:\devgit\ravendb\build\Data\Databases\Test6\Data_AddDocumentT:239
PERFM.DS_C:\devgit\ravendb\build\Data\Databases\Test6\Data_AddDocumentT:207
PERFM.DS_C:\devgit\ravendb\build\Data\Databases\Test6\Data_AddDocumentT:191
PERFM.EsentTS_Batch:274
PERFM.EsentTS_Batch:0
PERFM.EsentTS_Batch:0
PERFM.EsentTS_Batch:0
PERFM.EsentTS_Batch:0
PERFM.EsentTS_Batch:0
PERFM.EsentTS_Batch:0
PERFM.EsentTS_Batch:0
PERFM.Index_Map.Artists.InputCount:246
PERFM.Index_Map.Artists.Duration:189
PERFM.EsentTS_Batch:264
PERFM.EsentTS_Batch:1
PERFM.Index_Map.AlbumsByCountSold.InputCount:246
PERFM.Index_Map.Raven/DocumentsByEntityName.InputCount:258
PERFM.Index_Map.AlbumsByCountSold.Duration:784
PERFM.Index_Map.Raven/DocumentsByEntityName.Duration:785
PERFM.Index_Map.AlbumsByGenre.InputCount:246
PERFM.Index_Map.AlbumsByGenre.Duration:785
PERFM.EsentTS_Batch:788
PERFM.EsentTS_Batch:788
PERFM.EsentTS_Batch:1
PERFM.EsentTS_Batch:0
PERFM.EsentTS_Batch:790
PERFM.EsentTS_Batch:0
PERFM.EsentTS_Batch:0
PERFM.EsentTS_Batch:0
PERFM.EsentTS_Batch:0
PERFM.EsentTS_Batch:1
PERFM.EsentTS_Batch:0
PERFM.EsentTS_Batch:0
PERFM.EsentTS_Batch:24
PERFM.EsentTS_Batch:3
PERFM.Index_Reduce.Artists.InputCount:246
PERFM.Index_Reduce.Artists.Duration:165
PERFM.EsentTS_Batch:398
PERFM.EsentTS_Batch:5
PERFM.EsentTS_Batch:0
PERFM.EsentTS_Batch:0
PERFM.EsentTS_Batch:0
PERFM.EsentTS_Batch:0
PERFM.EsentTS_Batch:0
PERFM.EsentTS_Batch:0
PERFM.EsentTS_Batch:0
PERFM.EsentTS_Batch:0
PERFM.EsentTS_Batch:0
PERFM.EsentTS_Batch:0
PERFM.EsentTS_Batch:0
PERFM.EsentTS_Batch:0
PERFM.EsentTS_Batch:0
PERFM.EsentTS_Batch:0
PERFM.EsentTS_Batch:0
PERFM.EsentTS_Batch:0
PERFM.EsentTS_Batch:0
PERFM.EsentTS_Batch:0
PERFM.EsentTS_Batch:0
PERFM.EsentTS_Batch:0
PERFM.EsentTS_Batch:0
PERFM.EsentTS_Batch:0
PERFM.EsentTS_Batch:1
PERFM.EsentTS_Batch:7
PERFM.EsentTS_Batch:2
PERFM.EsentTS_Batch:0
PERFM.EsentTS_Batch:2
PERFM.EsentTS_Batch:0
PERFM.EsentTS_Batch:0
PERFM.EsentTS_Batch:0
PERFM.EsentTS_Batch:0
PERFM.EsentTS_Batch:0
PERFM.EsentTS_Batch:0
PERFM.EsentTS_Batch:0
PERFM.EsentTS_Batch:0
PERFM.EsentTS_Batch:0
PERFM.EsentTS_Batch:0
PERFM.EsentTS_Batch:0
PERFM.EsentTS_Batch:0
PERFM.EsentTS_Batch:0
PERFM.EsentTS_Batch:0
PERFM.EsentTS_Batch:0
PERFM.EsentTS_Batch:0
PERFM.EsentTS_Batch:0
PERFM.EsentTS_Batch:0
PERFM.EsentTS_Batch:0
PERFM.EsentTS_Batch:2
PERFM.EsentTS_Batch:0
PERFM.EsentTS_Batch:0
PERFM.EsentTS_Batch:0
PERFM.EsentTS_Batch:0
PERFM.EsentTS_Batch:0
PERFM.EsentTS_Batch:0
PERFM.EsentTS_Batch:7
PERFM.EsentTS_Batch:0
PERFM.EsentTS_Batch:0
PERFM.EsentTS_Batch:0
PERFM.EsentTS_Batch:0
PERFM.EsentTS_Batch:1
PERFM.EsentTS_Batch:0
PERFM.EsentTS_Batch:0
PERFM.EsentTS_Batch:0
PERFM.EsentTS_Batch:0
PERFM.EsentTS_Batch:0
PERFM.EsentTS_Batch:0
PERFM.EsentTS_Batch:0
PERFM.EsentTS_Batch:0
PERFM.EsentTS_Batch:0
PERFM.EsentTS_Batch:0
PERFM.EsentTS_Batch:0
PERFM.EsentTS_Batch:0
PERFM.EsentTS_Batch:0
PERFM.EsentTS_Batch:0
PERFM.EsentTS_Batch:0
PERFM.EsentTS_Batch:0
PERFM.EsentTS_Batch:0
PERFM.EsentTS_Batch:0
PERFM.EsentTS_Batch:0
PERFM.EsentTS_Batch:0
PERFM.EsentTS_Batch:0
PERFM.EsentTS_Batch:2
PERFM.EsentTS_Batch:2
PERFM.EsentTS_Batch:0
PERFM.EsentTS_Batch:0
PERFM.EsentTS_Batch:0
PERFM.EsentTS_Batch:0
PERFM.EsentTS_Batch:0
PERFM.EsentTS_Batch:0
PERFM.EsentTS_Batch:0
PERFM.EsentTS_Batch:0
PERFM.EsentTS_Batch:0
PERFM.EsentTS_Batch:0
PERFM.EsentTS_Batch:0
PERFM.EsentTS_Batch:0
PERFM.EsentTS_Batch:0
PERFM.EsentTS_Batch:0
PERFM.EsentTS_Batch:0
PERFM.EsentTS_Batch:0
PERFM.EsentTS_Batch:0
PERFM.EsentTS_Batch:0
PERFM.EsentTS_Batch:0
PERFM.EsentTS_Batch:0
PERFM.EsentTS_Batch:0
PERFM.EsentTS_Batch:0
PERFM.EsentTS_Batch:0
PERFM.EsentTS_Batch:1
PERFM.EsentTS_Batch:4
PERFM.EsentTS_Batch:0
PERFM.EsentTS_Batch:0
PERFM.EsentTS_Batch:0
PERFM.EsentTS_Batch:0
PERFM.EsentTS_Batch:0
PERFM.EsentTS_Batch:0
PERFM.EsentTS_Batch:0
PERFM.EsentTS_Batch:0
PERFM.EsentTS_Batch:0
PERFM.EsentTS_Batch:0
PERFM.EsentTS_Batch:0
PERFM.EsentTS_Batch:0
PERFM.EsentTS_Batch:0
PERFM.EsentTS_Batch:0
PERFM.EsentTS_Batch:0
PERFM.EsentTS_Batch:0
PERFM.EsentTS_Batch:0
PERFM.EsentTS_Batch:0
PERFM.EsentTS_Batch:1
PERFM.EsentTS_Batch:0
PERFM.EsentTS_Batch:0
PERFM.EsentTS_Batch:0
PERFM.EsentTS_Batch:0
PERFM.EsentTS_Batch:0
PERFM.EsentTS_Batch:0
PERFM.EsentTS_Batch:0
PERFM.EsentTS_Batch:0
PERFM.EsentTS_Batch:0
PERFM.EsentTS_Batch:0
PERFM.EsentTS_Batch:32
PERFM.EsentTS_Batch:0
PERFM.EsentTS_Batch:0
PERFM.EsentTS_Batch:0
PERFM.EsentTS_Batch:0
PERFM.EsentTS_Batch:0
PERFM.EsentTS_Batch:0
PERFM.EsentTS_Batch:0
PERFM.EsentTS_Batch:0
PERFM.EsentTS_Batch:0
PERFM.EsentTS_Batch:2
PERFM.EsentTS_Batch:11
PERFM.EsentTS_Batch:0
PERFM.EsentTS_Batch:0
PERFM.EsentTS_Batch:0
PERFM.EsentTS_Batch:0
PERFM.EsentTS_Batch:0
PERFM.EsentTS_Batch:0
PERFM.EsentTS_Batch:0
